Using pre-set license
Built from '2021.1/staging' branch; Version is '2021.1.7f1 (d91830b65d9b) revision 14227504'; Using compiler version '192528614'; Build Type 'Release'
OS: 'Windows 10 Pro; OS build 19042.1165; Version 2009; 64bit' Language: 'ru' Physical Memory: 16377 MB
BatchMode: 1, IsHumanControllingUs: 0, StartBugReporterOnCrash: 0, Is64bit: 1, IsPro: 0

 COMMAND LINE ARGUMENTS:
D:\Unity\2021.1.7f1\Editor\Unity.exe
-adb2
-batchMode
-noUpm
-name
AssetImportWorker0
-projectPath
F:/Reposi/Stone_Age/Stone Age Group1
-logFile
Logs/AssetImportWorker0.log
-srvPort
54540
Successfully changed project path to: F:/Reposi/Stone_Age/Stone Age Group1
F:/Reposi/Stone_Age/Stone Age Group1
Using Asset Import Pipeline V2.
Refreshing native plugins compatible for Editor in 86.49 ms, found 1 plugins.
Preloading 0 native plugins for Editor in 0.00 ms.
Initialize engine version: 2021.1.7f1 (d91830b65d9b)
[Subsystems] Discovering subsystems at path D:/Unity/2021.1.7f1/Editor/Data/Resources/UnitySubsystems
[Subsystems] Discovering subsystems at path F:/Reposi/Stone_Age/Stone Age Group1/Assets
GfxDevice: creating device client; threaded=0; jobified=0
Direct3D:
    Version:  Direct3D 11.0 [level 11.0]
    Renderer: NVIDIA GeForce GTX 650 Ti (ID=0x11c6)
    Vendor:   NVIDIA
    VRAM:     2007 MB
    Driver:   30.0.14.7111
Initialize mono
Mono path[0] = 'D:/Unity/2021.1.7f1/Editor/Data/Managed'
Mono path[1] = 'D:/Unity/2021.1.7f1/Editor/Data/MonoBleedingEdge/lib/mono/unityjit'
Mono config path = 'D:/Unity/2021.1.7f1/Editor/Data/MonoBleedingEdge/etc'
Using monoOptions --debugger-agent=transport=dt_socket,embedding=1,server=y,suspend=n,address=127.0.0.1:56528
Begin MonoManager ReloadAssembly
Registering precompiled unity dll's ...
Register platform support module: D:/Unity/2021.1.7f1/Editor/Data/PlaybackEngines/WindowsStandaloneSupport/UnityEditor.WindowsStandalone.Extensions.dll
Registered in 0.002279 seconds.
Native extension for WindowsStandalone target not found
Refreshing native plugins compatible for Editor in 85.92 ms, found 1 plugins.
Preloading 0 native plugins for Editor in 0.00 ms.
Mono: successfully reloaded assembly
- Completed reload, in  3.114 seconds
Platform modules already initialized, skipping
Registering precompiled user dll's ...
Registered in 0.001648 seconds.
Begin MonoManager ReloadAssembly
Native extension for WindowsStandalone target not found
Refreshing native plugins compatible for Editor in 82.63 ms, found 1 plugins.
Preloading 0 native plugins for Editor in 0.00 ms.
Mono: successfully reloaded assembly
- Completed reload, in  2.246 seconds
Platform modules already initialized, skipping
========================================================================
Worker process is ready to serve import requests
Launched and connected shader compiler UnityShaderCompiler.exe after 0.15 seconds
Refreshing native plugins compatible for Editor in 0.79 ms, found 1 plugins.
Preloading 0 native plugins for Editor in 0.00 ms.
Unloading 1846 Unused Serialized files (Serialized files now loaded: 0)
System memory in use before: 87.8 MB.
System memory in use after: 87.9 MB.

Unloading 19 unused Assets to reduce memory usage. Loaded Objects now: 2312.
Total: 5.158200 ms (FindLiveObjects: 0.500200 ms CreateObjectMapping: 0.106200 ms MarkObjects: 4.419900 ms  DeleteObjects: 0.129400 ms)

========================================================================
Received Import Request.
  path: Assets/Scenes/New Scene.unity
  artifactKey: Guid(262a50375b0bd494d8cb69fa2413a689) Importer(815301076,1909f56bfc062723c751e8b465ee728b)
Start importing Assets/Scenes/New Scene.unity using Guid(262a50375b0bd494d8cb69fa2413a689) Importer(815301076,1909f56bfc062723c751e8b465ee728b)  -> (artifact id: '0ce604e27f7c4dd797e5e5df7552840d') in 0.033073 seconds 
========================================================================
Received Import Request.
  Time since last request: 63.088619 seconds.
  path: Assets/Scenes/-1519212354.png
  artifactKey: Guid(cc1d07332635f3b459e392b3b5c2ab7f) Importer(815301076,1909f56bfc062723c751e8b465ee728b)
Start importing Assets/Scenes/-1519212354.png using Guid(cc1d07332635f3b459e392b3b5c2ab7f) Importer(815301076,1909f56bfc062723c751e8b465ee728b)  -> (artifact id: '7beab5446f49cfa61a9e91b3c8291e78') in 0.616983 seconds 
========================================================================
Received Import Request.
  Time since last request: 21.380218 seconds.
  path: Assets/Scenes/Scene_2.unity
  artifactKey: Guid(0088042e61145c9419769ebde928c939) Importer(815301076,1909f56bfc062723c751e8b465ee728b)
Start importing Assets/Scenes/Scene_2.unity using Guid(0088042e61145c9419769ebde928c939) Importer(815301076,1909f56bfc062723c751e8b465ee728b)  -> (artifact id: '8dd463498c1eb9626dce08a31e209317') in 0.017203 seconds 
AssetImportWorkerClient::OnTransportError - code=2 error=End of file
